<?xml version="1.0" encoding="UTF-8"?>
<testsuite name="CourseTest" tests="4" skipped="0" failures="0" errors="0" timestamp="2015-09-01T17:31:22" hostname="epicodus-103.local" time="0.14">
  <properties/>
  <testcase name="all_emptyAtFirst" classname="CourseTest" time="0.103"/>
  <testcase name="equals_returnsTrueIfCoursesAreTheSame" classname="CourseTest" time="0.005"/>
  <testcase name="save_savesIntoDatabase_true" classname="CourseTest" time="0.017"/>
  <testcase name="find_findsCourseInDatabase_true" classname="CourseTest" time="0.015"/>
  <system-out><![CDATA[]]></system-out>
  <system-err><![CDATA[]]></system-err>
</testsuite>
