<?xml version="1.0" encoding="UTF-8"?>
<testsuite name="CourseTest" tests="3" skipped="0" failures="0" errors="0" timestamp="2015-09-01T17:23:30" hostname="epicodus-103.local" time="0.125">
  <properties/>
  <testcase name="all_emptyAtFirst" classname="CourseTest" time="0.103"/>
  <testcase name="equals_returnsTrueIfCoursesAreTheSame" classname="CourseTest" time="0.006"/>
  <testcase name="save_savesIntoDatabase_true" classname="CourseTest" time="0.016"/>
  <system-out><![CDATA[]]></system-out>
  <system-err><![CDATA[]]></system-err>
</testsuite>
