<?xml version="1.0" encoding="UTF-8"?>
<testsuite name="StudentTest" tests="8" skipped="0" failures="0" errors="0" timestamp="2015-09-01T18:36:23" hostname="epicodus-103.local" time="0.132">
  <properties/>
  <testcase name="equals_returnsTrueIfStudentsAreTheSame" classname="StudentTest" time="0.005"/>
  <testcase name="addCourse_addsCourseToStudent" classname="StudentTest" time="0.024"/>
  <testcase name="all_emptyAtFirst" classname="StudentTest" time="0.008"/>
  <testcase name="update_changesStudentNameAndEnrollmentInDatabase_true" classname="StudentTest" time="0.021"/>
  <testcase name="save_savesIntoDatabase_true" classname="StudentTest" time="0.013"/>
  <testcase name="getStudents_returnsAllCourses_ArrayList" classname="StudentTest" time="0.023"/>
  <testcase name="find_findsStudentInDatabase_true" classname="StudentTest" time="0.013"/>
  <testcase name="delete_deletesAllStudentsAndListAssociation" classname="StudentTest" time="0.025"/>
  <system-out><![CDATA[]]></system-out>
  <system-err><![CDATA[]]></system-err>
</testsuite>
