<?xml version="1.0" encoding="UTF-8"?>
<testsuite name="StudentTest" tests="3" skipped="0" failures="0" errors="0" timestamp="2015-09-01T17:23:30" hostname="epicodus-103.local" time="0.031">
  <properties/>
  <testcase name="equals_returnsTrueIfStudentsAreTheSame" classname="StudentTest" time="0.005"/>
  <testcase name="all_emptyAtFirst" classname="StudentTest" time="0.011"/>
  <testcase name="save_savesIntoDatabase_true" classname="StudentTest" time="0.015"/>
  <system-out><![CDATA[]]></system-out>
  <system-err><![CDATA[]]></system-err>
</testsuite>
