<?xml version="1.0" encoding="UTF-8"?>
<testsuite name="StudentTest" tests="1" skipped="0" failures="0" errors="0" timestamp="2015-09-01T17:06:33" hostname="epicodus-103.local" time="0.01">
  <properties/>
  <testcase name="all_emptyAtFirst" classname="StudentTest" time="0.01"/>
  <system-out><![CDATA[]]></system-out>
  <system-err><![CDATA[]]></system-err>
</testsuite>
